[2025-02-17T08:12:30.929+0000] {taskinstance.py:1171} INFO - Dependencies all met for <TaskInstance: ml_pipeline.load manual__2025-02-17T08:12:19.690027+00:00 [queued]>
[2025-02-17T08:12:30.947+0000] {taskinstance.py:1171} INFO - Dependencies all met for <TaskInstance: ml_pipeline.load manual__2025-02-17T08:12:19.690027+00:00 [queued]>
[2025-02-17T08:12:30.948+0000] {taskinstance.py:1368} INFO - 
--------------------------------------------------------------------------------
[2025-02-17T08:12:30.949+0000] {taskinstance.py:1369} INFO - Starting attempt 1 of 1
[2025-02-17T08:12:30.950+0000] {taskinstance.py:1370} INFO - 
--------------------------------------------------------------------------------
[2025-02-17T08:12:30.976+0000] {taskinstance.py:1389} INFO - Executing <Task(PythonOperator): load> on 2025-02-17 08:12:19.690027+00:00
[2025-02-17T08:12:30.985+0000] {standard_task_runner.py:52} INFO - Started process 2421 to run task
[2025-02-17T08:12:30.989+0000] {standard_task_runner.py:79} INFO - Running: ['***', 'tasks', 'run', 'ml_pipeline', 'load', 'manual__2025-02-17T08:12:19.690027+00:00', '--job-id', '31', '--raw', '--subdir', 'DAGS_FOLDER/DAG-fraud.py', '--cfg-path', '/tmp/tmpfkikeh_k', '--error-file', '/tmp/tmp1sqouwek']
[2025-02-17T08:12:30.992+0000] {standard_task_runner.py:80} INFO - Job 31: Subtask load
[2025-02-17T08:12:31.078+0000] {task_command.py:371} INFO - Running <TaskInstance: ml_pipeline.load manual__2025-02-17T08:12:19.690027+00:00 [running]> on host 925d9315849a
[2025-02-17T08:12:31.177+0000] {taskinstance.py:1581} INFO - Exporting the following env vars:
AIRFLOW_CTX_DAG_OWNER=group1
AIRFLOW_CTX_DAG_ID=ml_pipeline
AIRFLOW_CTX_TASK_ID=load
AIRFLOW_CTX_EXECUTION_DATE=2025-02-17T08:12:19.690027+00:00
AIRFLOW_CTX_TRY_NUMBER=1
AIRFLOW_CTX_DAG_RUN_ID=manual__2025-02-17T08:12:19.690027+00:00
[2025-02-17T08:12:31.575+0000] {base.py:68} INFO - Using connection ID 'postgres_***' for task execution.
[2025-02-17T08:12:42.406+0000] {logging_mixin.py:115} INFO - Data prediksi berhasil dimuat ke PostgreSQL dalam tabel predictions_table
[2025-02-17T08:12:42.411+0000] {python.py:173} INFO - Done. Returned value was: None
[2025-02-17T08:12:42.428+0000] {taskinstance.py:1407} INFO - Marking task as SUCCESS. dag_id=ml_pipeline, task_id=load, execution_date=20250217T081219, start_date=20250217T081230, end_date=20250217T081242
[2025-02-17T08:12:42.470+0000] {local_task_job.py:156} INFO - Task exited with return code 0
[2025-02-17T08:12:42.506+0000] {local_task_job.py:279} INFO - 0 downstream tasks scheduled from follow-on schedule check
