[2025-02-18T15:13:12.798+0000] {local_task_job_runner.py:123} INFO - ::group::Pre task execution logs
[2025-02-18T15:13:12.842+0000] {taskinstance.py:2614} INFO - Dependencies all met for dep_context=non-requeueable deps ti=<TaskInstance: ml_pipeline.predict scheduled__2025-02-17T12:00:00+00:00 [queued]>
[2025-02-18T15:13:12.872+0000] {taskinstance.py:2614} INFO - Dependencies all met for dep_context=requeueable deps ti=<TaskInstance: ml_pipeline.predict scheduled__2025-02-17T12:00:00+00:00 [queued]>
[2025-02-18T15:13:12.873+0000] {taskinstance.py:2867} INFO - Starting attempt 1 of 1
[2025-02-18T15:13:12.913+0000] {taskinstance.py:2890} INFO - Executing <Task(PythonOperator): predict> on 2025-02-17 12:00:00+00:00
[2025-02-18T15:13:13.040+0000] {standard_task_runner.py:72} INFO - Started process 7485 to run task
[2025-02-18T15:13:13.072+0000] {standard_task_runner.py:104} INFO - Running: ['***', 'tasks', 'run', 'ml_pipeline', 'predict', 'scheduled__2025-02-17T12:00:00+00:00', '--job-id', '187', '--raw', '--subdir', 'DAGS_FOLDER/DAG-fraud.py', '--cfg-path', '/tmp/tmpaj5h22ep']
[2025-02-18T15:13:13.090+0000] {standard_task_runner.py:105} INFO - Job 187: Subtask predict
[2025-02-18T15:13:13.701+0000] {task_command.py:467} INFO - Running <TaskInstance: ml_pipeline.predict scheduled__2025-02-17T12:00:00+00:00 [running]> on host 8538735272b1
[2025-02-18T15:13:13.905+0000] {taskinstance.py:3134} INFO - Exporting env vars: AIRFLOW_CTX_DAG_OWNER='group1' AIRFLOW_CTX_DAG_ID='ml_pipeline' AIRFLOW_CTX_TASK_ID='predict' AIRFLOW_CTX_EXECUTION_DATE='2025-02-17T12:00:00+00:00' AIRFLOW_CTX_TRY_NUMBER='1' AIRFLOW_CTX_DAG_RUN_ID='scheduled__2025-02-17T12:00:00+00:00'
[2025-02-18T15:13:13.907+0000] {taskinstance.py:732} INFO - ::endgroup::
[2025-02-18T15:13:14.183+0000] {DAG-fraud.py:69} INFO - Fraud data detected:     step      type     amount  ... newbalanceDest  transaction_id  prediction
0    483  CASH_OUT  526119.49  ...      866629.92               1           1
1    595  TRANSFER  335094.53  ...           0.00               2           1
2     26  CASH_OUT  331829.94  ...     1124685.94               3           1
88   279  TRANSFER  227158.15  ...      227158.15              89           1

[4 rows x 11 columns]
[2025-02-18T15:13:14.215+0000] {DAG-fraud.py:72} INFO - Prediction successful.
[2025-02-18T15:13:14.217+0000] {python.py:240} INFO - Done. Returned value was: None
[2025-02-18T15:13:14.231+0000] {taskinstance.py:341} INFO - ::group::Post task execution logs
[2025-02-18T15:13:14.237+0000] {taskinstance.py:353} INFO - Marking task as SUCCESS. dag_id=ml_pipeline, task_id=predict, run_id=scheduled__2025-02-17T12:00:00+00:00, execution_date=20250217T120000, start_date=20250218T151312, end_date=20250218T151314
[2025-02-18T15:13:14.300+0000] {local_task_job_runner.py:266} INFO - Task exited with return code 0
[2025-02-18T15:13:14.368+0000] {taskinstance.py:3901} INFO - 1 downstream tasks scheduled from follow-on schedule check
[2025-02-18T15:13:14.374+0000] {local_task_job_runner.py:245} INFO - ::endgroup::
