[2025-02-18T06:41:29.260+0000] {local_task_job_runner.py:123} INFO - ::group::Pre task execution logs
[2025-02-18T06:41:29.414+0000] {taskinstance.py:2614} INFO - Dependencies all met for dep_context=non-requeueable deps ti=<TaskInstance: ml_pipeline.email_notification scheduled__2025-02-18T06:40:40+00:00 [queued]>
[2025-02-18T06:41:29.474+0000] {taskinstance.py:2614} INFO - Dependencies all met for dep_context=requeueable deps ti=<TaskInstance: ml_pipeline.email_notification scheduled__2025-02-18T06:40:40+00:00 [queued]>
[2025-02-18T06:41:29.485+0000] {taskinstance.py:2867} INFO - Starting attempt 1 of 1
[2025-02-18T06:41:29.594+0000] {taskinstance.py:2890} INFO - Executing <Task(PythonOperator): email_notification> on 2025-02-18 06:40:40+00:00
[2025-02-18T06:41:29.687+0000] {standard_task_runner.py:72} INFO - Started process 3743 to run task
[2025-02-18T06:41:29.735+0000] {standard_task_runner.py:104} INFO - Running: ['***', 'tasks', 'run', 'ml_pipeline', 'email_notification', 'scheduled__2025-02-18T06:40:40+00:00', '--job-id', '153', '--raw', '--subdir', 'DAGS_FOLDER/DAG-fraud.py', '--cfg-path', '/tmp/tmpea70fdhd']
[2025-02-18T06:41:29.747+0000] {standard_task_runner.py:105} INFO - Job 153: Subtask email_notification
[2025-02-18T06:41:29.899+0000] {task_command.py:467} INFO - Running <TaskInstance: ml_pipeline.email_notification scheduled__2025-02-18T06:40:40+00:00 [running]> on host 8538735272b1
[2025-02-18T06:41:30.123+0000] {taskinstance.py:3134} INFO - Exporting env vars: AIRFLOW_CTX_DAG_OWNER='group1' AIRFLOW_CTX_DAG_ID='ml_pipeline' AIRFLOW_CTX_TASK_ID='email_notification' AIRFLOW_CTX_EXECUTION_DATE='2025-02-18T06:40:40+00:00' AIRFLOW_CTX_TRY_NUMBER='1' AIRFLOW_CTX_DAG_RUN_ID='scheduled__2025-02-18T06:40:40+00:00'
[2025-02-18T06:41:30.125+0000] {taskinstance.py:732} INFO - ::endgroup::
[2025-02-18T06:41:34.983+0000] {baseoperator.py:423} WARNING - EmailOperator.execute cannot be called outside TaskInstance!
[2025-02-18T06:41:35.048+0000] {base.py:84} INFO - Retrieving connection 'smtp_default'
[2025-02-18T06:41:35.050+0000] {email.py:272} INFO - Email alerting: attempt 1
[2025-02-18T06:41:36.381+0000] {email.py:283} INFO - Sent an alert email to ['liakurniawati507@gmail.com', 'realjokiin@gmail.com', 'affan.anitya@gmail.com', 'aqsal.m@students.amikom.ac.id']
[2025-02-18T06:41:53.888+0000] {python.py:240} INFO - Done. Returned value was: None
[2025-02-18T06:41:53.906+0000] {taskinstance.py:341} INFO - ::group::Post task execution logs
[2025-02-18T06:41:53.908+0000] {taskinstance.py:353} INFO - Marking task as SUCCESS. dag_id=ml_pipeline, task_id=email_notification, run_id=scheduled__2025-02-18T06:40:40+00:00, execution_date=20250218T064040, start_date=20250218T064129, end_date=20250218T064153
[2025-02-18T06:41:53.997+0000] {local_task_job_runner.py:266} INFO - Task exited with return code 0
[2025-02-18T06:41:54.019+0000] {taskinstance.py:3901} INFO - 0 downstream tasks scheduled from follow-on schedule check
[2025-02-18T06:41:54.024+0000] {local_task_job_runner.py:245} INFO - ::endgroup::
