[2025-02-18T04:52:21.478+0000] {local_task_job_runner.py:123} INFO - ::group::Pre task execution logs
[2025-02-18T04:52:21.510+0000] {taskinstance.py:2614} INFO - Dependencies all met for dep_context=non-requeueable deps ti=<TaskInstance: ml_pipeline.send_email_notification manual__2025-02-18T04:51:53.664317+00:00 [queued]>
[2025-02-18T04:52:21.529+0000] {taskinstance.py:2614} INFO - Dependencies all met for dep_context=requeueable deps ti=<TaskInstance: ml_pipeline.send_email_notification manual__2025-02-18T04:51:53.664317+00:00 [queued]>
[2025-02-18T04:52:21.531+0000] {taskinstance.py:2867} INFO - Starting attempt 1 of 1
[2025-02-18T04:52:21.553+0000] {taskinstance.py:2890} INFO - Executing <Task(PythonOperator): send_email_notification> on 2025-02-18 04:51:53.664317+00:00
[2025-02-18T04:52:21.567+0000] {standard_task_runner.py:72} INFO - Started process 687 to run task
[2025-02-18T04:52:21.573+0000] {standard_task_runner.py:104} INFO - Running: ['***', 'tasks', 'run', 'ml_pipeline', 'send_email_notification', 'manual__2025-02-18T04:51:53.664317+00:00', '--job-id', '92', '--raw', '--subdir', 'DAGS_FOLDER/DAG-fraud.py', '--cfg-path', '/tmp/tmp0cx5isxj']
[2025-02-18T04:52:21.578+0000] {standard_task_runner.py:105} INFO - Job 92: Subtask send_email_notification
[2025-02-18T04:52:21.644+0000] {task_command.py:467} INFO - Running <TaskInstance: ml_pipeline.send_email_notification manual__2025-02-18T04:51:53.664317+00:00 [running]> on host 8538735272b1
[2025-02-18T04:52:21.863+0000] {taskinstance.py:3134} INFO - Exporting env vars: AIRFLOW_CTX_DAG_OWNER='group1' AIRFLOW_CTX_DAG_ID='ml_pipeline' AIRFLOW_CTX_TASK_ID='send_email_notification' AIRFLOW_CTX_EXECUTION_DATE='2025-02-18T04:51:53.664317+00:00' AIRFLOW_CTX_TRY_NUMBER='1' AIRFLOW_CTX_DAG_RUN_ID='manual__2025-02-18T04:51:53.664317+00:00'
[2025-02-18T04:52:21.865+0000] {taskinstance.py:732} INFO - ::endgroup::
[2025-02-18T04:52:24.216+0000] {baseoperator.py:423} WARNING - EmailOperator.execute cannot be called outside TaskInstance!
[2025-02-18T04:52:24.296+0000] {base.py:84} INFO - Retrieving connection 'smtp_default'
[2025-02-18T04:52:24.298+0000] {email.py:272} INFO - Email alerting: attempt 1
[2025-02-18T04:52:25.788+0000] {email.py:283} INFO - Sent an alert email to ['realjokiin@gmail.com']
[2025-02-18T04:52:44.541+0000] {python.py:240} INFO - Done. Returned value was: None
[2025-02-18T04:52:44.565+0000] {taskinstance.py:341} INFO - ::group::Post task execution logs
[2025-02-18T04:52:44.571+0000] {taskinstance.py:353} INFO - Marking task as SUCCESS. dag_id=ml_pipeline, task_id=send_email_notification, run_id=manual__2025-02-18T04:51:53.664317+00:00, execution_date=20250218T045153, start_date=20250218T045221, end_date=20250218T045244
[2025-02-18T04:52:44.682+0000] {local_task_job_runner.py:266} INFO - Task exited with return code 0
[2025-02-18T04:52:44.723+0000] {taskinstance.py:3901} INFO - 0 downstream tasks scheduled from follow-on schedule check
[2025-02-18T04:52:44.729+0000] {local_task_job_runner.py:245} INFO - ::endgroup::
