[2025-02-17T07:51:52.111+0000] {taskinstance.py:1171} INFO - Dependencies all met for <TaskInstance: ml_pipeline.predict manual__2025-02-17T07:51:44.660586+00:00 [queued]>
[2025-02-17T07:51:52.143+0000] {taskinstance.py:1171} INFO - Dependencies all met for <TaskInstance: ml_pipeline.predict manual__2025-02-17T07:51:44.660586+00:00 [queued]>
[2025-02-17T07:51:52.163+0000] {taskinstance.py:1368} INFO - 
--------------------------------------------------------------------------------
[2025-02-17T07:51:52.169+0000] {taskinstance.py:1369} INFO - Starting attempt 1 of 1
[2025-02-17T07:51:52.170+0000] {taskinstance.py:1370} INFO - 
--------------------------------------------------------------------------------
[2025-02-17T07:51:52.202+0000] {taskinstance.py:1389} INFO - Executing <Task(PythonOperator): predict> on 2025-02-17 07:51:44.660586+00:00
[2025-02-17T07:51:52.223+0000] {standard_task_runner.py:52} INFO - Started process 1956 to run task
[2025-02-17T07:51:52.228+0000] {standard_task_runner.py:79} INFO - Running: ['***', 'tasks', 'run', 'ml_pipeline', 'predict', 'manual__2025-02-17T07:51:44.660586+00:00', '--job-id', '18', '--raw', '--subdir', 'DAGS_FOLDER/DAG-fraud.py', '--cfg-path', '/tmp/tmp4uizfdnt', '--error-file', '/tmp/tmp0cmqh6hp']
[2025-02-17T07:51:52.232+0000] {standard_task_runner.py:80} INFO - Job 18: Subtask predict
[2025-02-17T07:51:52.322+0000] {task_command.py:371} INFO - Running <TaskInstance: ml_pipeline.predict manual__2025-02-17T07:51:44.660586+00:00 [running]> on host 925d9315849a
[2025-02-17T07:51:52.422+0000] {taskinstance.py:1581} INFO - Exporting the following env vars:
AIRFLOW_CTX_DAG_OWNER=group1
AIRFLOW_CTX_DAG_ID=ml_pipeline
AIRFLOW_CTX_TASK_ID=predict
AIRFLOW_CTX_EXECUTION_DATE=2025-02-17T07:51:44.660586+00:00
AIRFLOW_CTX_TRY_NUMBER=1
AIRFLOW_CTX_DAG_RUN_ID=manual__2025-02-17T07:51:44.660586+00:00
[2025-02-17T07:51:53.641+0000] {DAG-fraud.py:69} INFO - Prediction successful.
[2025-02-17T07:51:53.643+0000] {python.py:173} INFO - Done. Returned value was: None
[2025-02-17T07:51:53.659+0000] {taskinstance.py:1407} INFO - Marking task as SUCCESS. dag_id=ml_pipeline, task_id=predict, execution_date=20250217T075144, start_date=20250217T075152, end_date=20250217T075153
[2025-02-17T07:51:53.690+0000] {local_task_job.py:156} INFO - Task exited with return code 0
[2025-02-17T07:51:53.732+0000] {local_task_job.py:279} INFO - 1 downstream tasks scheduled from follow-on schedule check
