[2025-02-18T04:48:20.957+0000] {local_task_job_runner.py:123} INFO - ::group::Pre task execution logs
[2025-02-18T04:48:20.994+0000] {taskinstance.py:2614} INFO - Dependencies all met for dep_context=non-requeueable deps ti=<TaskInstance: ml_pipeline.send_email_notification manual__2025-02-18T04:47:52.648522+00:00 [queued]>
[2025-02-18T04:48:21.018+0000] {taskinstance.py:2614} INFO - Dependencies all met for dep_context=requeueable deps ti=<TaskInstance: ml_pipeline.send_email_notification manual__2025-02-18T04:47:52.648522+00:00 [queued]>
[2025-02-18T04:48:21.019+0000] {taskinstance.py:2867} INFO - Starting attempt 1 of 1
[2025-02-18T04:48:21.052+0000] {taskinstance.py:2890} INFO - Executing <Task(PythonOperator): send_email_notification> on 2025-02-18 04:47:52.648522+00:00
[2025-02-18T04:48:21.071+0000] {standard_task_runner.py:72} INFO - Started process 539 to run task
[2025-02-18T04:48:21.081+0000] {standard_task_runner.py:104} INFO - Running: ['***', 'tasks', 'run', 'ml_pipeline', 'send_email_notification', 'manual__2025-02-18T04:47:52.648522+00:00', '--job-id', '88', '--raw', '--subdir', 'DAGS_FOLDER/DAG-fraud.py', '--cfg-path', '/tmp/tmpr6eodnmt']
[2025-02-18T04:48:21.085+0000] {standard_task_runner.py:105} INFO - Job 88: Subtask send_email_notification
[2025-02-18T04:48:21.167+0000] {task_command.py:467} INFO - Running <TaskInstance: ml_pipeline.send_email_notification manual__2025-02-18T04:47:52.648522+00:00 [running]> on host 8538735272b1
[2025-02-18T04:48:21.302+0000] {taskinstance.py:3134} INFO - Exporting env vars: AIRFLOW_CTX_DAG_OWNER='group1' AIRFLOW_CTX_DAG_ID='ml_pipeline' AIRFLOW_CTX_TASK_ID='send_email_notification' AIRFLOW_CTX_EXECUTION_DATE='2025-02-18T04:47:52.648522+00:00' AIRFLOW_CTX_TRY_NUMBER='1' AIRFLOW_CTX_DAG_RUN_ID='manual__2025-02-18T04:47:52.648522+00:00'
[2025-02-18T04:48:21.305+0000] {taskinstance.py:732} INFO - ::endgroup::
[2025-02-18T04:48:24.556+0000] {baseoperator.py:423} WARNING - EmailOperator.execute cannot be called outside TaskInstance!
[2025-02-18T04:48:24.664+0000] {base.py:84} INFO - Retrieving connection 'smtp_default'
[2025-02-18T04:48:24.666+0000] {email.py:272} INFO - Email alerting: attempt 1
[2025-02-18T04:48:26.001+0000] {email.py:283} INFO - Sent an alert email to ['yinkasinulingga@example.com']
[2025-02-18T04:48:44.702+0000] {python.py:240} INFO - Done. Returned value was: None
[2025-02-18T04:48:44.730+0000] {taskinstance.py:341} INFO - ::group::Post task execution logs
[2025-02-18T04:48:44.733+0000] {taskinstance.py:353} INFO - Marking task as SUCCESS. dag_id=ml_pipeline, task_id=send_email_notification, run_id=manual__2025-02-18T04:47:52.648522+00:00, execution_date=20250218T044752, start_date=20250218T044820, end_date=20250218T044844
[2025-02-18T04:48:44.835+0000] {local_task_job_runner.py:266} INFO - Task exited with return code 0
[2025-02-18T04:48:44.879+0000] {taskinstance.py:3901} INFO - 0 downstream tasks scheduled from follow-on schedule check
[2025-02-18T04:48:44.884+0000] {local_task_job_runner.py:245} INFO - ::endgroup::
