[2025-02-18T15:13:25.351+0000] {local_task_job_runner.py:123} INFO - ::group::Pre task execution logs
[2025-02-18T15:13:25.401+0000] {taskinstance.py:2614} INFO - Dependencies all met for dep_context=non-requeueable deps ti=<TaskInstance: ml_pipeline.email_notification scheduled__2025-02-17T12:00:00+00:00 [queued]>
[2025-02-18T15:13:25.431+0000] {taskinstance.py:2614} INFO - Dependencies all met for dep_context=requeueable deps ti=<TaskInstance: ml_pipeline.email_notification scheduled__2025-02-17T12:00:00+00:00 [queued]>
[2025-02-18T15:13:25.432+0000] {taskinstance.py:2867} INFO - Starting attempt 1 of 1
[2025-02-18T15:13:25.470+0000] {taskinstance.py:2890} INFO - Executing <Task(PythonOperator): email_notification> on 2025-02-17 12:00:00+00:00
[2025-02-18T15:13:25.482+0000] {standard_task_runner.py:72} INFO - Started process 7505 to run task
[2025-02-18T15:13:25.486+0000] {standard_task_runner.py:104} INFO - Running: ['***', 'tasks', 'run', 'ml_pipeline', 'email_notification', 'scheduled__2025-02-17T12:00:00+00:00', '--job-id', '189', '--raw', '--subdir', 'DAGS_FOLDER/DAG-fraud.py', '--cfg-path', '/tmp/tmpk0utyj36']
[2025-02-18T15:13:25.492+0000] {standard_task_runner.py:105} INFO - Job 189: Subtask email_notification
[2025-02-18T15:13:25.594+0000] {task_command.py:467} INFO - Running <TaskInstance: ml_pipeline.email_notification scheduled__2025-02-17T12:00:00+00:00 [running]> on host 8538735272b1
[2025-02-18T15:13:25.712+0000] {taskinstance.py:3134} INFO - Exporting env vars: AIRFLOW_CTX_DAG_OWNER='group1' AIRFLOW_CTX_DAG_ID='ml_pipeline' AIRFLOW_CTX_TASK_ID='email_notification' AIRFLOW_CTX_EXECUTION_DATE='2025-02-17T12:00:00+00:00' AIRFLOW_CTX_TRY_NUMBER='1' AIRFLOW_CTX_DAG_RUN_ID='scheduled__2025-02-17T12:00:00+00:00'
[2025-02-18T15:13:25.715+0000] {taskinstance.py:732} INFO - ::endgroup::
[2025-02-18T15:13:25.832+0000] {baseoperator.py:423} WARNING - EmailOperator.execute cannot be called outside TaskInstance!
[2025-02-18T15:13:25.954+0000] {base.py:84} INFO - Retrieving connection 'smtp_default'
[2025-02-18T15:13:25.958+0000] {email.py:272} INFO - Email alerting: attempt 1
[2025-02-18T15:13:29.233+0000] {email.py:283} INFO - Sent an alert email to ['inkadw07@gmail.com', 'liakurniawati507@gmail.com', 'realjokiin@gmail.com', 'affan.anitya@gmail.com', 'aqsal.m@students.amikom.ac.id']
[2025-02-18T15:13:32.315+0000] {python.py:240} INFO - Done. Returned value was: None
[2025-02-18T15:13:32.327+0000] {taskinstance.py:341} INFO - ::group::Post task execution logs
[2025-02-18T15:13:32.329+0000] {taskinstance.py:353} INFO - Marking task as SUCCESS. dag_id=ml_pipeline, task_id=email_notification, run_id=scheduled__2025-02-17T12:00:00+00:00, execution_date=20250217T120000, start_date=20250218T151325, end_date=20250218T151332
[2025-02-18T15:13:32.400+0000] {local_task_job_runner.py:266} INFO - Task exited with return code 0
[2025-02-18T15:13:32.500+0000] {taskinstance.py:3901} INFO - 0 downstream tasks scheduled from follow-on schedule check
[2025-02-18T15:13:32.519+0000] {local_task_job_runner.py:245} INFO - ::endgroup::
