[2025-02-17T08:01:16.925+0000] {taskinstance.py:1171} INFO - Dependencies all met for <TaskInstance: ml_pipeline.predict manual__2025-02-17T08:01:08.620138+00:00 [queued]>
[2025-02-17T08:01:16.944+0000] {taskinstance.py:1171} INFO - Dependencies all met for <TaskInstance: ml_pipeline.predict manual__2025-02-17T08:01:08.620138+00:00 [queued]>
[2025-02-17T08:01:16.945+0000] {taskinstance.py:1368} INFO - 
--------------------------------------------------------------------------------
[2025-02-17T08:01:16.945+0000] {taskinstance.py:1369} INFO - Starting attempt 1 of 1
[2025-02-17T08:01:16.946+0000] {taskinstance.py:1370} INFO - 
--------------------------------------------------------------------------------
[2025-02-17T08:01:16.966+0000] {taskinstance.py:1389} INFO - Executing <Task(PythonOperator): predict> on 2025-02-17 08:01:08.620138+00:00
[2025-02-17T08:01:16.984+0000] {standard_task_runner.py:52} INFO - Started process 2154 to run task
[2025-02-17T08:01:16.987+0000] {standard_task_runner.py:79} INFO - Running: ['***', 'tasks', 'run', 'ml_pipeline', 'predict', 'manual__2025-02-17T08:01:08.620138+00:00', '--job-id', '21', '--raw', '--subdir', 'DAGS_FOLDER/DAG-fraud.py', '--cfg-path', '/tmp/tmpt8r6511r', '--error-file', '/tmp/tmpd2dijcmr']
[2025-02-17T08:01:16.990+0000] {standard_task_runner.py:80} INFO - Job 21: Subtask predict
[2025-02-17T08:01:17.084+0000] {task_command.py:371} INFO - Running <TaskInstance: ml_pipeline.predict manual__2025-02-17T08:01:08.620138+00:00 [running]> on host 925d9315849a
[2025-02-17T08:01:17.192+0000] {taskinstance.py:1581} INFO - Exporting the following env vars:
AIRFLOW_CTX_DAG_OWNER=group1
AIRFLOW_CTX_DAG_ID=ml_pipeline
AIRFLOW_CTX_TASK_ID=predict
AIRFLOW_CTX_EXECUTION_DATE=2025-02-17T08:01:08.620138+00:00
AIRFLOW_CTX_TRY_NUMBER=1
AIRFLOW_CTX_DAG_RUN_ID=manual__2025-02-17T08:01:08.620138+00:00
[2025-02-17T08:01:17.938+0000] {DAG-fraud.py:63} INFO - Prediction successful.
[2025-02-17T08:01:17.943+0000] {python.py:173} INFO - Done. Returned value was: None
[2025-02-17T08:01:17.959+0000] {taskinstance.py:1407} INFO - Marking task as SUCCESS. dag_id=ml_pipeline, task_id=predict, execution_date=20250217T080108, start_date=20250217T080116, end_date=20250217T080117
[2025-02-17T08:01:18.006+0000] {local_task_job.py:156} INFO - Task exited with return code 0
[2025-02-17T08:01:18.057+0000] {local_task_job.py:279} INFO - 1 downstream tasks scheduled from follow-on schedule check
