[2025-02-18T05:47:41.306+0000] {local_task_job_runner.py:123} INFO - ::group::Pre task execution logs
[2025-02-18T05:47:41.342+0000] {taskinstance.py:2614} INFO - Dependencies all met for dep_context=non-requeueable deps ti=<TaskInstance: ml_pipeline.email_notification manual__2025-02-18T05:47:12.862099+00:00 [queued]>
[2025-02-18T05:47:41.364+0000] {taskinstance.py:2614} INFO - Dependencies all met for dep_context=requeueable deps ti=<TaskInstance: ml_pipeline.email_notification manual__2025-02-18T05:47:12.862099+00:00 [queued]>
[2025-02-18T05:47:41.366+0000] {taskinstance.py:2867} INFO - Starting attempt 1 of 1
[2025-02-18T05:47:41.392+0000] {taskinstance.py:2890} INFO - Executing <Task(PythonOperator): email_notification> on 2025-02-18 05:47:12.862099+00:00
[2025-02-18T05:47:41.405+0000] {standard_task_runner.py:104} INFO - Running: ['***', 'tasks', 'run', 'ml_pipeline', 'email_notification', 'manual__2025-02-18T05:47:12.862099+00:00', '--job-id', '120', '--raw', '--subdir', 'DAGS_FOLDER/DAG-fraud.py', '--cfg-path', '/tmp/tmpuo1j5m6q']
[2025-02-18T05:47:41.403+0000] {standard_task_runner.py:72} INFO - Started process 2286 to run task
[2025-02-18T05:47:41.409+0000] {standard_task_runner.py:105} INFO - Job 120: Subtask email_notification
[2025-02-18T05:47:41.478+0000] {task_command.py:467} INFO - Running <TaskInstance: ml_pipeline.email_notification manual__2025-02-18T05:47:12.862099+00:00 [running]> on host 8538735272b1
[2025-02-18T05:47:41.614+0000] {taskinstance.py:3134} INFO - Exporting env vars: AIRFLOW_CTX_DAG_OWNER='group1' AIRFLOW_CTX_DAG_ID='ml_pipeline' AIRFLOW_CTX_TASK_ID='email_notification' AIRFLOW_CTX_EXECUTION_DATE='2025-02-18T05:47:12.862099+00:00' AIRFLOW_CTX_TRY_NUMBER='1' AIRFLOW_CTX_DAG_RUN_ID='manual__2025-02-18T05:47:12.862099+00:00'
[2025-02-18T05:47:41.617+0000] {taskinstance.py:732} INFO - ::endgroup::
[2025-02-18T05:47:44.658+0000] {baseoperator.py:423} WARNING - EmailOperator.execute cannot be called outside TaskInstance!
[2025-02-18T05:47:44.734+0000] {base.py:84} INFO - Retrieving connection 'smtp_default'
[2025-02-18T05:47:44.739+0000] {email.py:272} INFO - Email alerting: attempt 1
[2025-02-18T05:47:45.908+0000] {email.py:283} INFO - Sent an alert email to ['realjokiin@gmail.com']
[2025-02-18T05:48:02.819+0000] {python.py:240} INFO - Done. Returned value was: None
[2025-02-18T05:48:02.832+0000] {taskinstance.py:341} INFO - ::group::Post task execution logs
[2025-02-18T05:48:02.834+0000] {taskinstance.py:353} INFO - Marking task as SUCCESS. dag_id=ml_pipeline, task_id=email_notification, run_id=manual__2025-02-18T05:47:12.862099+00:00, execution_date=20250218T054712, start_date=20250218T054741, end_date=20250218T054802
[2025-02-18T05:48:02.920+0000] {local_task_job_runner.py:266} INFO - Task exited with return code 0
[2025-02-18T05:48:02.948+0000] {taskinstance.py:3901} INFO - 0 downstream tasks scheduled from follow-on schedule check
[2025-02-18T05:48:02.952+0000] {local_task_job_runner.py:245} INFO - ::endgroup::
