[2025-02-18T06:40:59.165+0000] {local_task_job_runner.py:123} INFO - ::group::Pre task execution logs
[2025-02-18T06:40:59.230+0000] {taskinstance.py:2614} INFO - Dependencies all met for dep_context=non-requeueable deps ti=<TaskInstance: ml_pipeline.predict scheduled__2025-02-18T06:40:40+00:00 [queued]>
[2025-02-18T06:40:59.288+0000] {taskinstance.py:2614} INFO - Dependencies all met for dep_context=requeueable deps ti=<TaskInstance: ml_pipeline.predict scheduled__2025-02-18T06:40:40+00:00 [queued]>
[2025-02-18T06:40:59.325+0000] {taskinstance.py:2867} INFO - Starting attempt 1 of 1
[2025-02-18T06:40:59.351+0000] {taskinstance.py:2890} INFO - Executing <Task(PythonOperator): predict> on 2025-02-18 06:40:40+00:00
[2025-02-18T06:40:59.365+0000] {standard_task_runner.py:72} INFO - Started process 3629 to run task
[2025-02-18T06:40:59.368+0000] {standard_task_runner.py:104} INFO - Running: ['***', 'tasks', 'run', 'ml_pipeline', 'predict', 'scheduled__2025-02-18T06:40:40+00:00', '--job-id', '143', '--raw', '--subdir', 'DAGS_FOLDER/DAG-fraud.py', '--cfg-path', '/tmp/tmp583omf_q']
[2025-02-18T06:40:59.378+0000] {standard_task_runner.py:105} INFO - Job 143: Subtask predict
[2025-02-18T06:40:59.577+0000] {task_command.py:467} INFO - Running <TaskInstance: ml_pipeline.predict scheduled__2025-02-18T06:40:40+00:00 [running]> on host 8538735272b1
[2025-02-18T06:40:59.691+0000] {taskinstance.py:3134} INFO - Exporting env vars: AIRFLOW_CTX_DAG_OWNER='group1' AIRFLOW_CTX_DAG_ID='ml_pipeline' AIRFLOW_CTX_TASK_ID='predict' AIRFLOW_CTX_EXECUTION_DATE='2025-02-18T06:40:40+00:00' AIRFLOW_CTX_TRY_NUMBER='1' AIRFLOW_CTX_DAG_RUN_ID='scheduled__2025-02-18T06:40:40+00:00'
[2025-02-18T06:40:59.692+0000] {taskinstance.py:732} INFO - ::endgroup::
[2025-02-18T06:41:00.362+0000] {DAG-fraud.py:69} INFO - Fraud data detected:        step      type      amount  ... isFlaggedFraud  transaction_id  prediction
0       496  TRANSFER   766151.45  ...              0               1           1
1       365  TRANSFER    31315.51  ...              0               2           1
4       354  CASH_OUT   268851.80  ...              0               5           1
6       106  CASH_OUT  1409248.64  ...              0               7           1
8       468  CASH_OUT   155926.42  ...              0               9           1
...     ...       ...         ...  ...            ...             ...         ...
16417   279  CASH_OUT   601222.02  ...              0           16418           1
16418   562  CASH_OUT   203881.96  ...              0           16419           1
16421   273  TRANSFER   159106.12  ...              0           16422           1
16422   336  TRANSFER   170038.31  ...              0           16423           1
16425   689  CASH_OUT   228416.57  ...              0           16426           1

[8303 rows x 13 columns]
[2025-02-18T06:41:00.790+0000] {DAG-fraud.py:72} INFO - Prediction successful.
[2025-02-18T06:41:00.793+0000] {python.py:240} INFO - Done. Returned value was: None
[2025-02-18T06:41:00.809+0000] {taskinstance.py:341} INFO - ::group::Post task execution logs
[2025-02-18T06:41:00.811+0000] {taskinstance.py:353} INFO - Marking task as SUCCESS. dag_id=ml_pipeline, task_id=predict, run_id=scheduled__2025-02-18T06:40:40+00:00, execution_date=20250218T064040, start_date=20250218T064059, end_date=20250218T064100
[2025-02-18T06:41:00.908+0000] {local_task_job_runner.py:266} INFO - Task exited with return code 0
[2025-02-18T06:41:00.978+0000] {taskinstance.py:3901} INFO - 1 downstream tasks scheduled from follow-on schedule check
[2025-02-18T06:41:01.011+0000] {local_task_job_runner.py:245} INFO - ::endgroup::
