[2025-02-18T06:55:11.862+0000] {local_task_job_runner.py:123} INFO - ::group::Pre task execution logs
[2025-02-18T06:55:11.896+0000] {taskinstance.py:2614} INFO - Dependencies all met for dep_context=non-requeueable deps ti=<TaskInstance: ml_pipeline.predict manual__2025-02-18T06:55:02.858889+00:00 [queued]>
[2025-02-18T06:55:11.911+0000] {taskinstance.py:2614} INFO - Dependencies all met for dep_context=requeueable deps ti=<TaskInstance: ml_pipeline.predict manual__2025-02-18T06:55:02.858889+00:00 [queued]>
[2025-02-18T06:55:11.912+0000] {taskinstance.py:2867} INFO - Starting attempt 1 of 1
[2025-02-18T06:55:11.930+0000] {taskinstance.py:2890} INFO - Executing <Task(PythonOperator): predict> on 2025-02-18 06:55:02.858889+00:00
[2025-02-18T06:55:11.944+0000] {standard_task_runner.py:72} INFO - Started process 4274 to run task
[2025-02-18T06:55:11.947+0000] {standard_task_runner.py:104} INFO - Running: ['***', 'tasks', 'run', 'ml_pipeline', 'predict', 'manual__2025-02-18T06:55:02.858889+00:00', '--job-id', '169', '--raw', '--subdir', 'DAGS_FOLDER/DAG-fraud.py', '--cfg-path', '/tmp/tmpldz_vtx8']
[2025-02-18T06:55:11.949+0000] {standard_task_runner.py:105} INFO - Job 169: Subtask predict
[2025-02-18T06:55:12.012+0000] {task_command.py:467} INFO - Running <TaskInstance: ml_pipeline.predict manual__2025-02-18T06:55:02.858889+00:00 [running]> on host 8538735272b1
[2025-02-18T06:55:12.149+0000] {taskinstance.py:3134} INFO - Exporting env vars: AIRFLOW_CTX_DAG_OWNER='group1' AIRFLOW_CTX_DAG_ID='ml_pipeline' AIRFLOW_CTX_TASK_ID='predict' AIRFLOW_CTX_EXECUTION_DATE='2025-02-18T06:55:02.858889+00:00' AIRFLOW_CTX_TRY_NUMBER='1' AIRFLOW_CTX_DAG_RUN_ID='manual__2025-02-18T06:55:02.858889+00:00'
[2025-02-18T06:55:12.157+0000] {taskinstance.py:732} INFO - ::endgroup::
[2025-02-18T06:55:12.683+0000] {DAG-fraud.py:69} INFO - Fraud data detected:     step      type       amount  ... newbalanceDest  transaction_id  prediction
1     97  TRANSFER    707870.44  ...           0.00               2           1
3    621  CASH_OUT    425861.93  ...      629142.78               4           1
6    559  CASH_OUT     55539.89  ...      553906.36               7           1
7    184  TRANSFER     90346.05  ...           0.00               8           1
10   356  CASH_OUT   5952739.30  ...     5979040.12              11           1
14   711  TRANSFER    986623.96  ...           0.00              15           1
17   444  TRANSFER   1108140.19  ...           0.00              18           1
20   202  TRANSFER   2263927.04  ...           0.00              21           1
23   105  CASH_OUT   1457085.28  ...     1457085.28              24           1
26   333  CASH_OUT   1861928.35  ...     2416444.82              27           1
27   694  TRANSFER    186567.41  ...           0.00              28           1
29   581  CASH_OUT    801763.51  ...      801763.51              30           1
30   625  CASH_OUT   2571605.04  ...     9749089.11              31           1
31    73  CASH_OUT     12619.29  ...      217089.31              32           1
33    86  CASH_OUT     72547.29  ...      152283.57              34           1
35   208  TRANSFER    164519.70  ...           0.00              36           1
38   131  CASH_OUT   2540410.33  ...     2301330.20              39           1
39    82  TRANSFER  10000000.00  ...           0.00              40           1
40   598  TRANSFER    453699.35  ...           0.00              41           1
41   485  CASH_OUT    471906.60  ...      477837.30              42           1
43   191  CASH_OUT    135200.37  ...      219722.52              44           1
46   161  CASH_OUT   1336901.11  ...     1336901.11              47           1
47   350  CASH_OUT    257988.47  ...      637476.48              48           1
48   522  TRANSFER   1752606.15  ...           0.00              49           1
49   121  TRANSFER    936976.86  ...           0.00              50           1
53   496  CASH_OUT    766151.45  ...      766151.45              54           1
54   600  CASH_OUT    540154.62  ...     1073987.54              55           1
56   173  CASH_OUT     20311.17  ...       20836.35              57           1
60   269  TRANSFER    278619.91  ...           0.00              61           1
61    55  CASH_OUT    854550.85  ...     1041359.33              62           1
62   338  CASH_OUT    143340.15  ...      602723.98              63           1
69     7  CASH_OUT    262434.54  ...      438233.86              70           1
70   114  CASH_OUT    966222.50  ...     1297473.83              71           1
71   468  TRANSFER    764646.40  ...           0.00              72           1
76   697  TRANSFER   1272493.90  ...           0.00              77           1
78   521  TRANSFER    525155.79  ...           0.00              79           1
79   718  CASH_OUT   9749042.95  ...     9962538.18              80           1
80   630  CASH_OUT     17484.29  ...       17484.29              81           1
81   522  CASH_OUT     73561.74  ...       73561.74              82           1
82   179  TRANSFER   1494831.65  ...           0.00              83           1
84   554  TRANSFER  10000000.00  ...           0.00              85           1
85    59  TRANSFER   2050727.81  ...           0.00              86           1
86   106  CASH_OUT    110457.00  ...     4284908.61              87           1
88   305  TRANSFER   2321633.57  ...           0.00              89           1
89   208  TRANSFER   4815187.09  ...           0.00              90           1
91   483  TRANSFER    526119.49  ...           0.00              92           1
92   469  TRANSFER   4417191.86  ...           0.00              93           1
94   427  TRANSFER   1171751.17  ...           0.00              95           1
95   677  TRANSFER  10000000.00  ...           0.00              96           1
97   631  TRANSFER       341.30  ...           0.00              98           1
99    23  CASH_OUT    146127.10  ...      324001.49             100           1

[51 rows x 11 columns]
[2025-02-18T06:55:12.706+0000] {DAG-fraud.py:72} INFO - Prediction successful.
[2025-02-18T06:55:12.707+0000] {python.py:240} INFO - Done. Returned value was: None
[2025-02-18T06:55:12.718+0000] {taskinstance.py:341} INFO - ::group::Post task execution logs
[2025-02-18T06:55:12.723+0000] {taskinstance.py:353} INFO - Marking task as SUCCESS. dag_id=ml_pipeline, task_id=predict, run_id=manual__2025-02-18T06:55:02.858889+00:00, execution_date=20250218T065502, start_date=20250218T065511, end_date=20250218T065512
[2025-02-18T06:55:12.790+0000] {local_task_job_runner.py:266} INFO - Task exited with return code 0
[2025-02-18T06:55:12.826+0000] {taskinstance.py:3901} INFO - 1 downstream tasks scheduled from follow-on schedule check
[2025-02-18T06:55:12.829+0000] {local_task_job_runner.py:245} INFO - ::endgroup::
