[2025-02-18T06:41:16.626+0000] {local_task_job_runner.py:123} INFO - ::group::Pre task execution logs
[2025-02-18T06:41:16.673+0000] {taskinstance.py:2614} INFO - Dependencies all met for dep_context=non-requeueable deps ti=<TaskInstance: ml_pipeline.email_notification scheduled__2025-02-18T06:40:30+00:00 [queued]>
[2025-02-18T06:41:16.689+0000] {taskinstance.py:2614} INFO - Dependencies all met for dep_context=requeueable deps ti=<TaskInstance: ml_pipeline.email_notification scheduled__2025-02-18T06:40:30+00:00 [queued]>
[2025-02-18T06:41:16.691+0000] {taskinstance.py:2867} INFO - Starting attempt 1 of 1
[2025-02-18T06:41:16.710+0000] {taskinstance.py:2890} INFO - Executing <Task(PythonOperator): email_notification> on 2025-02-18 06:40:30+00:00
[2025-02-18T06:41:16.745+0000] {standard_task_runner.py:72} INFO - Started process 3699 to run task
[2025-02-18T06:41:16.755+0000] {standard_task_runner.py:104} INFO - Running: ['***', 'tasks', 'run', 'ml_pipeline', 'email_notification', 'scheduled__2025-02-18T06:40:30+00:00', '--job-id', '150', '--raw', '--subdir', 'DAGS_FOLDER/DAG-fraud.py', '--cfg-path', '/tmp/tmp791qrh0p']
[2025-02-18T06:41:16.758+0000] {standard_task_runner.py:105} INFO - Job 150: Subtask email_notification
[2025-02-18T06:41:16.854+0000] {task_command.py:467} INFO - Running <TaskInstance: ml_pipeline.email_notification scheduled__2025-02-18T06:40:30+00:00 [running]> on host 8538735272b1
[2025-02-18T06:41:16.978+0000] {taskinstance.py:3134} INFO - Exporting env vars: AIRFLOW_CTX_DAG_OWNER='group1' AIRFLOW_CTX_DAG_ID='ml_pipeline' AIRFLOW_CTX_TASK_ID='email_notification' AIRFLOW_CTX_EXECUTION_DATE='2025-02-18T06:40:30+00:00' AIRFLOW_CTX_TRY_NUMBER='1' AIRFLOW_CTX_DAG_RUN_ID='scheduled__2025-02-18T06:40:30+00:00'
[2025-02-18T06:41:16.982+0000] {taskinstance.py:732} INFO - ::endgroup::
[2025-02-18T06:41:19.220+0000] {baseoperator.py:423} WARNING - EmailOperator.execute cannot be called outside TaskInstance!
[2025-02-18T06:41:19.338+0000] {base.py:84} INFO - Retrieving connection 'smtp_default'
[2025-02-18T06:41:19.361+0000] {email.py:272} INFO - Email alerting: attempt 1
[2025-02-18T06:41:20.806+0000] {email.py:283} INFO - Sent an alert email to ['liakurniawati507@gmail.com', 'realjokiin@gmail.com', 'affan.anitya@gmail.com', 'aqsal.m@students.amikom.ac.id']
[2025-02-18T06:41:38.932+0000] {python.py:240} INFO - Done. Returned value was: None
[2025-02-18T06:41:39.257+0000] {taskinstance.py:341} INFO - ::group::Post task execution logs
[2025-02-18T06:41:39.269+0000] {taskinstance.py:353} INFO - Marking task as SUCCESS. dag_id=ml_pipeline, task_id=email_notification, run_id=scheduled__2025-02-18T06:40:30+00:00, execution_date=20250218T064030, start_date=20250218T064116, end_date=20250218T064139
[2025-02-18T06:41:39.482+0000] {local_task_job_runner.py:266} INFO - Task exited with return code 0
[2025-02-18T06:41:39.556+0000] {taskinstance.py:3901} INFO - 0 downstream tasks scheduled from follow-on schedule check
[2025-02-18T06:41:39.566+0000] {local_task_job_runner.py:245} INFO - ::endgroup::
