[2025-02-17T12:33:24.863+0000] {taskinstance.py:1171} INFO - Dependencies all met for <TaskInstance: ml_pipeline.predict scheduled__2025-02-16T12:00:00+00:00 [queued]>
[2025-02-17T12:33:24.890+0000] {taskinstance.py:1171} INFO - Dependencies all met for <TaskInstance: ml_pipeline.predict scheduled__2025-02-16T12:00:00+00:00 [queued]>
[2025-02-17T12:33:24.893+0000] {taskinstance.py:1368} INFO - 
--------------------------------------------------------------------------------
[2025-02-17T12:33:24.893+0000] {taskinstance.py:1369} INFO - Starting attempt 1 of 1
[2025-02-17T12:33:24.894+0000] {taskinstance.py:1370} INFO - 
--------------------------------------------------------------------------------
[2025-02-17T12:33:24.915+0000] {taskinstance.py:1389} INFO - Executing <Task(PythonOperator): predict> on 2025-02-16 12:00:00+00:00
[2025-02-17T12:33:24.932+0000] {standard_task_runner.py:52} INFO - Started process 3001 to run task
[2025-02-17T12:33:24.934+0000] {standard_task_runner.py:79} INFO - Running: ['***', 'tasks', 'run', 'ml_pipeline', 'predict', 'scheduled__2025-02-16T12:00:00+00:00', '--job-id', '39', '--raw', '--subdir', 'DAGS_FOLDER/DAG-fraud.py', '--cfg-path', '/tmp/tmpj1llcl5d', '--error-file', '/tmp/tmp3h4np77m']
[2025-02-17T12:33:24.938+0000] {standard_task_runner.py:80} INFO - Job 39: Subtask predict
[2025-02-17T12:33:25.043+0000] {task_command.py:371} INFO - Running <TaskInstance: ml_pipeline.predict scheduled__2025-02-16T12:00:00+00:00 [running]> on host 925d9315849a
[2025-02-17T12:33:25.140+0000] {taskinstance.py:1581} INFO - Exporting the following env vars:
AIRFLOW_CTX_DAG_OWNER=group1
AIRFLOW_CTX_DAG_ID=ml_pipeline
AIRFLOW_CTX_TASK_ID=predict
AIRFLOW_CTX_EXECUTION_DATE=2025-02-16T12:00:00+00:00
AIRFLOW_CTX_TRY_NUMBER=1
AIRFLOW_CTX_DAG_RUN_ID=scheduled__2025-02-16T12:00:00+00:00
[2025-02-17T12:33:26.114+0000] {DAG-fraud.py:65} INFO - Prediction successful.
[2025-02-17T12:33:26.116+0000] {python.py:173} INFO - Done. Returned value was: None
[2025-02-17T12:33:26.134+0000] {taskinstance.py:1407} INFO - Marking task as SUCCESS. dag_id=ml_pipeline, task_id=predict, execution_date=20250216T120000, start_date=20250217T123324, end_date=20250217T123326
[2025-02-17T12:33:26.193+0000] {local_task_job.py:156} INFO - Task exited with return code 0
[2025-02-17T12:33:26.232+0000] {local_task_job.py:279} INFO - 1 downstream tasks scheduled from follow-on schedule check
