[2025-02-17T12:33:30.778+0000] {taskinstance.py:1171} INFO - Dependencies all met for <TaskInstance: ml_pipeline.load scheduled__2025-02-16T12:00:00+00:00 [queued]>
[2025-02-17T12:33:30.810+0000] {taskinstance.py:1171} INFO - Dependencies all met for <TaskInstance: ml_pipeline.load scheduled__2025-02-16T12:00:00+00:00 [queued]>
[2025-02-17T12:33:30.811+0000] {taskinstance.py:1368} INFO - 
--------------------------------------------------------------------------------
[2025-02-17T12:33:30.813+0000] {taskinstance.py:1369} INFO - Starting attempt 1 of 1
[2025-02-17T12:33:30.813+0000] {taskinstance.py:1370} INFO - 
--------------------------------------------------------------------------------
[2025-02-17T12:33:30.836+0000] {taskinstance.py:1389} INFO - Executing <Task(PythonOperator): load> on 2025-02-16 12:00:00+00:00
[2025-02-17T12:33:30.852+0000] {standard_task_runner.py:79} INFO - Running: ['***', 'tasks', 'run', 'ml_pipeline', 'load', 'scheduled__2025-02-16T12:00:00+00:00', '--job-id', '40', '--raw', '--subdir', 'DAGS_FOLDER/DAG-fraud.py', '--cfg-path', '/tmp/tmppqxrya5u', '--error-file', '/tmp/tmpgzco6elh']
[2025-02-17T12:33:30.856+0000] {standard_task_runner.py:80} INFO - Job 40: Subtask load
[2025-02-17T12:33:30.856+0000] {standard_task_runner.py:52} INFO - Started process 3007 to run task
[2025-02-17T12:33:30.937+0000] {task_command.py:371} INFO - Running <TaskInstance: ml_pipeline.load scheduled__2025-02-16T12:00:00+00:00 [running]> on host 925d9315849a
[2025-02-17T12:33:31.044+0000] {taskinstance.py:1581} INFO - Exporting the following env vars:
AIRFLOW_CTX_DAG_OWNER=group1
AIRFLOW_CTX_DAG_ID=ml_pipeline
AIRFLOW_CTX_TASK_ID=load
AIRFLOW_CTX_EXECUTION_DATE=2025-02-16T12:00:00+00:00
AIRFLOW_CTX_TRY_NUMBER=1
AIRFLOW_CTX_DAG_RUN_ID=scheduled__2025-02-16T12:00:00+00:00
[2025-02-17T12:33:31.412+0000] {base.py:68} INFO - Using connection ID 'postgres_***' for task execution.
[2025-02-17T12:33:43.462+0000] {logging_mixin.py:115} INFO - Data prediksi berhasil dimuat ke PostgreSQL dalam tabel predictions_table
[2025-02-17T12:33:43.465+0000] {python.py:173} INFO - Done. Returned value was: None
[2025-02-17T12:33:43.477+0000] {taskinstance.py:1407} INFO - Marking task as SUCCESS. dag_id=ml_pipeline, task_id=load, execution_date=20250216T120000, start_date=20250217T123330, end_date=20250217T123343
[2025-02-17T12:33:43.512+0000] {local_task_job.py:156} INFO - Task exited with return code 0
[2025-02-17T12:33:43.539+0000] {local_task_job.py:279} INFO - 0 downstream tasks scheduled from follow-on schedule check
