[2025-02-18T06:43:02.413+0000] {local_task_job_runner.py:123} INFO - ::group::Pre task execution logs
[2025-02-18T06:43:02.464+0000] {taskinstance.py:2614} INFO - Dependencies all met for dep_context=non-requeueable deps ti=<TaskInstance: ml_pipeline.email_notification manual__2025-02-18T06:42:28.134535+00:00 [queued]>
[2025-02-18T06:43:02.503+0000] {taskinstance.py:2614} INFO - Dependencies all met for dep_context=requeueable deps ti=<TaskInstance: ml_pipeline.email_notification manual__2025-02-18T06:42:28.134535+00:00 [queued]>
[2025-02-18T06:43:02.505+0000] {taskinstance.py:2867} INFO - Starting attempt 1 of 1
[2025-02-18T06:43:02.540+0000] {taskinstance.py:2890} INFO - Executing <Task(PythonOperator): email_notification> on 2025-02-18 06:42:28.134535+00:00
[2025-02-18T06:43:02.554+0000] {standard_task_runner.py:104} INFO - Running: ['***', 'tasks', 'run', 'ml_pipeline', 'email_notification', 'manual__2025-02-18T06:42:28.134535+00:00', '--job-id', '162', '--raw', '--subdir', 'DAGS_FOLDER/DAG-fraud.py', '--cfg-path', '/tmp/tmppcbxp1pq']
[2025-02-18T06:43:02.558+0000] {standard_task_runner.py:105} INFO - Job 162: Subtask email_notification
[2025-02-18T06:43:02.551+0000] {standard_task_runner.py:72} INFO - Started process 3938 to run task
[2025-02-18T06:43:02.671+0000] {task_command.py:467} INFO - Running <TaskInstance: ml_pipeline.email_notification manual__2025-02-18T06:42:28.134535+00:00 [running]> on host 8538735272b1
[2025-02-18T06:43:02.877+0000] {taskinstance.py:3134} INFO - Exporting env vars: AIRFLOW_CTX_DAG_OWNER='group1' AIRFLOW_CTX_DAG_ID='ml_pipeline' AIRFLOW_CTX_TASK_ID='email_notification' AIRFLOW_CTX_EXECUTION_DATE='2025-02-18T06:42:28.134535+00:00' AIRFLOW_CTX_TRY_NUMBER='1' AIRFLOW_CTX_DAG_RUN_ID='manual__2025-02-18T06:42:28.134535+00:00'
[2025-02-18T06:43:02.885+0000] {taskinstance.py:732} INFO - ::endgroup::
[2025-02-18T06:43:07.978+0000] {baseoperator.py:423} WARNING - EmailOperator.execute cannot be called outside TaskInstance!
[2025-02-18T06:43:08.095+0000] {base.py:84} INFO - Retrieving connection 'smtp_default'
[2025-02-18T06:43:08.097+0000] {email.py:272} INFO - Email alerting: attempt 1
[2025-02-18T06:43:09.272+0000] {email.py:283} INFO - Sent an alert email to ['liakurniawati507@gmail.com', 'realjokiin@gmail.com', 'affan.anitya@gmail.com', 'aqsal.m@students.amikom.ac.id']
[2025-02-18T06:43:26.871+0000] {python.py:240} INFO - Done. Returned value was: None
[2025-02-18T06:43:26.895+0000] {taskinstance.py:341} INFO - ::group::Post task execution logs
[2025-02-18T06:43:26.897+0000] {taskinstance.py:353} INFO - Marking task as SUCCESS. dag_id=ml_pipeline, task_id=email_notification, run_id=manual__2025-02-18T06:42:28.134535+00:00, execution_date=20250218T064228, start_date=20250218T064302, end_date=20250218T064326
[2025-02-18T06:43:26.996+0000] {local_task_job_runner.py:266} INFO - Task exited with return code 0
[2025-02-18T06:43:27.030+0000] {taskinstance.py:3901} INFO - 0 downstream tasks scheduled from follow-on schedule check
[2025-02-18T06:43:27.033+0000] {local_task_job_runner.py:245} INFO - ::endgroup::
