[2025-02-18T06:42:02.103+0000] {local_task_job_runner.py:123} INFO - ::group::Pre task execution logs
[2025-02-18T06:42:02.128+0000] {taskinstance.py:2614} INFO - Dependencies all met for dep_context=non-requeueable deps ti=<TaskInstance: ml_pipeline.email_notification scheduled__2025-02-18T06:40:20+00:00 [queued]>
[2025-02-18T06:42:02.144+0000] {taskinstance.py:2614} INFO - Dependencies all met for dep_context=requeueable deps ti=<TaskInstance: ml_pipeline.email_notification scheduled__2025-02-18T06:40:20+00:00 [queued]>
[2025-02-18T06:42:02.145+0000] {taskinstance.py:2867} INFO - Starting attempt 1 of 1
[2025-02-18T06:42:02.162+0000] {taskinstance.py:2890} INFO - Executing <Task(PythonOperator): email_notification> on 2025-02-18 06:40:20+00:00
[2025-02-18T06:42:02.172+0000] {standard_task_runner.py:72} INFO - Started process 3824 to run task
[2025-02-18T06:42:02.175+0000] {standard_task_runner.py:104} INFO - Running: ['***', 'tasks', 'run', 'ml_pipeline', 'email_notification', 'scheduled__2025-02-18T06:40:20+00:00', '--job-id', '157', '--raw', '--subdir', 'DAGS_FOLDER/DAG-fraud.py', '--cfg-path', '/tmp/tmpe_6o6983']
[2025-02-18T06:42:02.180+0000] {standard_task_runner.py:105} INFO - Job 157: Subtask email_notification
[2025-02-18T06:42:02.258+0000] {task_command.py:467} INFO - Running <TaskInstance: ml_pipeline.email_notification scheduled__2025-02-18T06:40:20+00:00 [running]> on host 8538735272b1
[2025-02-18T06:42:02.404+0000] {taskinstance.py:3134} INFO - Exporting env vars: AIRFLOW_CTX_DAG_OWNER='group1' AIRFLOW_CTX_DAG_ID='ml_pipeline' AIRFLOW_CTX_TASK_ID='email_notification' AIRFLOW_CTX_EXECUTION_DATE='2025-02-18T06:40:20+00:00' AIRFLOW_CTX_TRY_NUMBER='1' AIRFLOW_CTX_DAG_RUN_ID='scheduled__2025-02-18T06:40:20+00:00'
[2025-02-18T06:42:02.407+0000] {taskinstance.py:732} INFO - ::endgroup::
[2025-02-18T06:42:04.483+0000] {baseoperator.py:423} WARNING - EmailOperator.execute cannot be called outside TaskInstance!
[2025-02-18T06:42:04.535+0000] {base.py:84} INFO - Retrieving connection 'smtp_default'
[2025-02-18T06:42:04.537+0000] {email.py:272} INFO - Email alerting: attempt 1
[2025-02-18T06:42:05.977+0000] {email.py:283} INFO - Sent an alert email to ['liakurniawati507@gmail.com', 'realjokiin@gmail.com', 'affan.anitya@gmail.com', 'aqsal.m@students.amikom.ac.id']
[2025-02-18T06:42:23.584+0000] {python.py:240} INFO - Done. Returned value was: None
[2025-02-18T06:42:23.612+0000] {taskinstance.py:341} INFO - ::group::Post task execution logs
[2025-02-18T06:42:23.614+0000] {taskinstance.py:353} INFO - Marking task as SUCCESS. dag_id=ml_pipeline, task_id=email_notification, run_id=scheduled__2025-02-18T06:40:20+00:00, execution_date=20250218T064020, start_date=20250218T064202, end_date=20250218T064223
[2025-02-18T06:42:23.781+0000] {local_task_job_runner.py:266} INFO - Task exited with return code 0
[2025-02-18T06:42:23.900+0000] {taskinstance.py:3901} INFO - 0 downstream tasks scheduled from follow-on schedule check
[2025-02-18T06:42:23.903+0000] {local_task_job_runner.py:245} INFO - ::endgroup::
