[2025-02-17T12:34:11.311+0000] {taskinstance.py:1171} INFO - Dependencies all met for <TaskInstance: ml_pipeline.load manual__2025-02-17T12:33:59.230834+00:00 [queued]>
[2025-02-17T12:34:11.334+0000] {taskinstance.py:1171} INFO - Dependencies all met for <TaskInstance: ml_pipeline.load manual__2025-02-17T12:33:59.230834+00:00 [queued]>
[2025-02-17T12:34:11.335+0000] {taskinstance.py:1368} INFO - 
--------------------------------------------------------------------------------
[2025-02-17T12:34:11.335+0000] {taskinstance.py:1369} INFO - Starting attempt 1 of 1
[2025-02-17T12:34:11.336+0000] {taskinstance.py:1370} INFO - 
--------------------------------------------------------------------------------
[2025-02-17T12:34:11.358+0000] {taskinstance.py:1389} INFO - Executing <Task(PythonOperator): load> on 2025-02-17 12:33:59.230834+00:00
[2025-02-17T12:34:11.387+0000] {standard_task_runner.py:52} INFO - Started process 3034 to run task
[2025-02-17T12:34:11.390+0000] {standard_task_runner.py:79} INFO - Running: ['***', 'tasks', 'run', 'ml_pipeline', 'load', 'manual__2025-02-17T12:33:59.230834+00:00', '--job-id', '43', '--raw', '--subdir', 'DAGS_FOLDER/DAG-fraud.py', '--cfg-path', '/tmp/tmp0t_549co', '--error-file', '/tmp/tmpckfv_bfk']
[2025-02-17T12:34:11.391+0000] {standard_task_runner.py:80} INFO - Job 43: Subtask load
[2025-02-17T12:34:11.468+0000] {task_command.py:371} INFO - Running <TaskInstance: ml_pipeline.load manual__2025-02-17T12:33:59.230834+00:00 [running]> on host 925d9315849a
[2025-02-17T12:34:11.557+0000] {taskinstance.py:1581} INFO - Exporting the following env vars:
AIRFLOW_CTX_DAG_OWNER=group1
AIRFLOW_CTX_DAG_ID=ml_pipeline
AIRFLOW_CTX_TASK_ID=load
AIRFLOW_CTX_EXECUTION_DATE=2025-02-17T12:33:59.230834+00:00
AIRFLOW_CTX_TRY_NUMBER=1
AIRFLOW_CTX_DAG_RUN_ID=manual__2025-02-17T12:33:59.230834+00:00
[2025-02-17T12:34:11.849+0000] {base.py:68} INFO - Using connection ID 'postgres_***' for task execution.
[2025-02-17T12:34:22.747+0000] {logging_mixin.py:115} INFO - Data prediksi berhasil dimuat ke PostgreSQL dalam tabel predictions_table
[2025-02-17T12:34:22.751+0000] {python.py:173} INFO - Done. Returned value was: None
[2025-02-17T12:34:22.768+0000] {taskinstance.py:1407} INFO - Marking task as SUCCESS. dag_id=ml_pipeline, task_id=load, execution_date=20250217T123359, start_date=20250217T123411, end_date=20250217T123422
[2025-02-17T12:34:22.822+0000] {local_task_job.py:156} INFO - Task exited with return code 0
[2025-02-17T12:34:22.861+0000] {local_task_job.py:279} INFO - 0 downstream tasks scheduled from follow-on schedule check
