[2025-02-18T05:37:51.581+0000] {local_task_job_runner.py:123} INFO - ::group::Pre task execution logs
[2025-02-18T05:37:51.618+0000] {taskinstance.py:2614} INFO - Dependencies all met for dep_context=non-requeueable deps ti=<TaskInstance: ml_pipeline.email_notification manual__2025-02-18T05:37:23.324202+00:00 [queued]>
[2025-02-18T05:37:51.639+0000] {taskinstance.py:2614} INFO - Dependencies all met for dep_context=requeueable deps ti=<TaskInstance: ml_pipeline.email_notification manual__2025-02-18T05:37:23.324202+00:00 [queued]>
[2025-02-18T05:37:51.649+0000] {taskinstance.py:2867} INFO - Starting attempt 1 of 1
[2025-02-18T05:37:51.678+0000] {taskinstance.py:2890} INFO - Executing <Task(PythonOperator): email_notification> on 2025-02-18 05:37:23.324202+00:00
[2025-02-18T05:37:51.689+0000] {standard_task_runner.py:72} INFO - Started process 1958 to run task
[2025-02-18T05:37:51.696+0000] {standard_task_runner.py:104} INFO - Running: ['***', 'tasks', 'run', 'ml_pipeline', 'email_notification', 'manual__2025-02-18T05:37:23.324202+00:00', '--job-id', '112', '--raw', '--subdir', 'DAGS_FOLDER/DAG-fraud.py', '--cfg-path', '/tmp/tmpublfztli']
[2025-02-18T05:37:51.700+0000] {standard_task_runner.py:105} INFO - Job 112: Subtask email_notification
[2025-02-18T05:37:51.782+0000] {task_command.py:467} INFO - Running <TaskInstance: ml_pipeline.email_notification manual__2025-02-18T05:37:23.324202+00:00 [running]> on host 8538735272b1
[2025-02-18T05:37:51.922+0000] {taskinstance.py:3134} INFO - Exporting env vars: AIRFLOW_CTX_DAG_OWNER='group1' AIRFLOW_CTX_DAG_ID='ml_pipeline' AIRFLOW_CTX_TASK_ID='email_notification' AIRFLOW_CTX_EXECUTION_DATE='2025-02-18T05:37:23.324202+00:00' AIRFLOW_CTX_TRY_NUMBER='1' AIRFLOW_CTX_DAG_RUN_ID='manual__2025-02-18T05:37:23.324202+00:00'
[2025-02-18T05:37:51.928+0000] {taskinstance.py:732} INFO - ::endgroup::
[2025-02-18T05:37:55.171+0000] {baseoperator.py:423} WARNING - EmailOperator.execute cannot be called outside TaskInstance!
[2025-02-18T05:37:55.255+0000] {base.py:84} INFO - Retrieving connection 'smtp_default'
[2025-02-18T05:37:55.259+0000] {email.py:272} INFO - Email alerting: attempt 1
[2025-02-18T05:37:56.586+0000] {email.py:283} INFO - Sent an alert email to ['realjokiin@gmail.com']
[2025-02-18T05:38:14.013+0000] {python.py:240} INFO - Done. Returned value was: None
[2025-02-18T05:38:14.039+0000] {taskinstance.py:341} INFO - ::group::Post task execution logs
[2025-02-18T05:38:14.042+0000] {taskinstance.py:353} INFO - Marking task as SUCCESS. dag_id=ml_pipeline, task_id=email_notification, run_id=manual__2025-02-18T05:37:23.324202+00:00, execution_date=20250218T053723, start_date=20250218T053751, end_date=20250218T053814
[2025-02-18T05:38:14.171+0000] {local_task_job_runner.py:266} INFO - Task exited with return code 0
[2025-02-18T05:38:14.190+0000] {local_task_job_runner.py:245} INFO - ::endgroup::
