[2025-02-17T08:13:24.165+0000] {taskinstance.py:1171} INFO - Dependencies all met for <TaskInstance: ml_pipeline.predict manual__2025-02-17T08:13:17.225206+00:00 [queued]>
[2025-02-17T08:13:24.183+0000] {taskinstance.py:1171} INFO - Dependencies all met for <TaskInstance: ml_pipeline.predict manual__2025-02-17T08:13:17.225206+00:00 [queued]>
[2025-02-17T08:13:24.184+0000] {taskinstance.py:1368} INFO - 
--------------------------------------------------------------------------------
[2025-02-17T08:13:24.184+0000] {taskinstance.py:1369} INFO - Starting attempt 1 of 1
[2025-02-17T08:13:24.185+0000] {taskinstance.py:1370} INFO - 
--------------------------------------------------------------------------------
[2025-02-17T08:13:24.203+0000] {taskinstance.py:1389} INFO - Executing <Task(PythonOperator): predict> on 2025-02-17 08:13:17.225206+00:00
[2025-02-17T08:13:24.213+0000] {standard_task_runner.py:52} INFO - Started process 2451 to run task
[2025-02-17T08:13:24.216+0000] {standard_task_runner.py:79} INFO - Running: ['***', 'tasks', 'run', 'ml_pipeline', 'predict', 'manual__2025-02-17T08:13:17.225206+00:00', '--job-id', '33', '--raw', '--subdir', 'DAGS_FOLDER/DAG-fraud.py', '--cfg-path', '/tmp/tmpmze7phb3', '--error-file', '/tmp/tmpidtsa9dz']
[2025-02-17T08:13:24.217+0000] {standard_task_runner.py:80} INFO - Job 33: Subtask predict
[2025-02-17T08:13:24.303+0000] {task_command.py:371} INFO - Running <TaskInstance: ml_pipeline.predict manual__2025-02-17T08:13:17.225206+00:00 [running]> on host 925d9315849a
[2025-02-17T08:13:24.417+0000] {taskinstance.py:1581} INFO - Exporting the following env vars:
AIRFLOW_CTX_DAG_OWNER=group1
AIRFLOW_CTX_DAG_ID=ml_pipeline
AIRFLOW_CTX_TASK_ID=predict
AIRFLOW_CTX_EXECUTION_DATE=2025-02-17T08:13:17.225206+00:00
AIRFLOW_CTX_TRY_NUMBER=1
AIRFLOW_CTX_DAG_RUN_ID=manual__2025-02-17T08:13:17.225206+00:00
[2025-02-17T08:13:25.496+0000] {DAG-fraud.py:65} INFO - Prediction successful.
[2025-02-17T08:13:25.498+0000] {python.py:173} INFO - Done. Returned value was: None
[2025-02-17T08:13:25.515+0000] {taskinstance.py:1407} INFO - Marking task as SUCCESS. dag_id=ml_pipeline, task_id=predict, execution_date=20250217T081317, start_date=20250217T081324, end_date=20250217T081325
[2025-02-17T08:13:25.562+0000] {local_task_job.py:156} INFO - Task exited with return code 0
[2025-02-17T08:13:25.609+0000] {local_task_job.py:279} INFO - 1 downstream tasks scheduled from follow-on schedule check
