[2025-02-17T15:31:21.092+0000] {taskinstance.py:1171} INFO - Dependencies all met for <TaskInstance: ml_pipeline.predict manual__2025-02-17T15:31:15.905209+00:00 [queued]>
[2025-02-17T15:31:21.101+0000] {taskinstance.py:1171} INFO - Dependencies all met for <TaskInstance: ml_pipeline.predict manual__2025-02-17T15:31:15.905209+00:00 [queued]>
[2025-02-17T15:31:21.102+0000] {taskinstance.py:1368} INFO - 
--------------------------------------------------------------------------------
[2025-02-17T15:31:21.102+0000] {taskinstance.py:1369} INFO - Starting attempt 1 of 1
[2025-02-17T15:31:21.103+0000] {taskinstance.py:1370} INFO - 
--------------------------------------------------------------------------------
[2025-02-17T15:31:21.116+0000] {taskinstance.py:1389} INFO - Executing <Task(PythonOperator): predict> on 2025-02-17 15:31:15.905209+00:00
[2025-02-17T15:31:21.124+0000] {standard_task_runner.py:52} INFO - Started process 271 to run task
[2025-02-17T15:31:21.126+0000] {standard_task_runner.py:79} INFO - Running: ['***', 'tasks', 'run', 'ml_pipeline', 'predict', 'manual__2025-02-17T15:31:15.905209+00:00', '--job-id', '10', '--raw', '--subdir', 'DAGS_FOLDER/DAG-fraud.py', '--cfg-path', '/tmp/tmptj15m3yl', '--error-file', '/tmp/tmplsjczar2']
[2025-02-17T15:31:21.128+0000] {standard_task_runner.py:80} INFO - Job 10: Subtask predict
[2025-02-17T15:31:21.188+0000] {task_command.py:371} INFO - Running <TaskInstance: ml_pipeline.predict manual__2025-02-17T15:31:15.905209+00:00 [running]> on host 8538735272b1
[2025-02-17T15:31:21.265+0000] {taskinstance.py:1581} INFO - Exporting the following env vars:
AIRFLOW_CTX_DAG_OWNER=group1
AIRFLOW_CTX_DAG_ID=ml_pipeline
AIRFLOW_CTX_TASK_ID=predict
AIRFLOW_CTX_EXECUTION_DATE=2025-02-17T15:31:15.905209+00:00
AIRFLOW_CTX_TRY_NUMBER=1
AIRFLOW_CTX_DAG_RUN_ID=manual__2025-02-17T15:31:15.905209+00:00
[2025-02-17T15:31:21.916+0000] {DAG-fraud.py:69} INFO - Fraud data detected:        step      type      amount  ... isFlaggedFraud  transaction_id  prediction
0       496  TRANSFER   766151.45  ...              0               1           1
1       365  TRANSFER    31315.51  ...              0               2           1
4       354  CASH_OUT   268851.80  ...              0               5           1
6       106  CASH_OUT  1409248.64  ...              0               7           1
8       468  CASH_OUT   155926.42  ...              0               9           1
...     ...       ...         ...  ...            ...             ...         ...
16417   279  CASH_OUT   601222.02  ...              0           16418           1
16418   562  CASH_OUT   203881.96  ...              0           16419           1
16421   273  TRANSFER   159106.12  ...              0           16422           1
16422   336  TRANSFER   170038.31  ...              0           16423           1
16425   689  CASH_OUT   228416.57  ...              0           16426           1

[8303 rows x 13 columns]
[2025-02-17T15:31:22.162+0000] {DAG-fraud.py:72} INFO - Prediction successful.
[2025-02-17T15:31:22.164+0000] {python.py:173} INFO - Done. Returned value was: None
[2025-02-17T15:31:22.176+0000] {taskinstance.py:1407} INFO - Marking task as SUCCESS. dag_id=ml_pipeline, task_id=predict, execution_date=20250217T153115, start_date=20250217T153121, end_date=20250217T153122
[2025-02-17T15:31:22.224+0000] {local_task_job.py:156} INFO - Task exited with return code 0
[2025-02-17T15:31:22.259+0000] {local_task_job.py:279} INFO - 1 downstream tasks scheduled from follow-on schedule check
