[2025-02-17T16:26:11.364+0000] {local_task_job_runner.py:123} INFO - ::group::Pre task execution logs
[2025-02-17T16:26:11.383+0000] {taskinstance.py:2614} INFO - Dependencies all met for dep_context=non-requeueable deps ti=<TaskInstance: ml_pipeline.extract manual__2025-02-17T16:26:08.640487+00:00 [queued]>
[2025-02-17T16:26:11.394+0000] {taskinstance.py:2614} INFO - Dependencies all met for dep_context=requeueable deps ti=<TaskInstance: ml_pipeline.extract manual__2025-02-17T16:26:08.640487+00:00 [queued]>
[2025-02-17T16:26:11.396+0000] {taskinstance.py:2867} INFO - Starting attempt 1 of 1
[2025-02-17T16:26:11.413+0000] {taskinstance.py:2890} INFO - Executing <Task(PythonOperator): extract> on 2025-02-17 16:26:08.640487+00:00
[2025-02-17T16:26:11.423+0000] {standard_task_runner.py:72} INFO - Started process 974 to run task
[2025-02-17T16:26:11.426+0000] {standard_task_runner.py:104} INFO - Running: ['***', 'tasks', 'run', 'ml_pipeline', 'extract', 'manual__2025-02-17T16:26:08.640487+00:00', '--job-id', '44', '--raw', '--subdir', 'DAGS_FOLDER/DAG-fraud.py', '--cfg-path', '/tmp/tmps_2l4dii']
[2025-02-17T16:26:11.429+0000] {standard_task_runner.py:105} INFO - Job 44: Subtask extract
[2025-02-17T16:26:11.497+0000] {task_command.py:467} INFO - Running <TaskInstance: ml_pipeline.extract manual__2025-02-17T16:26:08.640487+00:00 [running]> on host 8538735272b1
[2025-02-17T16:26:11.603+0000] {taskinstance.py:3134} INFO - Exporting env vars: AIRFLOW_CTX_DAG_OWNER='group1' AIRFLOW_CTX_DAG_ID='ml_pipeline' AIRFLOW_CTX_TASK_ID='extract' AIRFLOW_CTX_EXECUTION_DATE='2025-02-17T16:26:08.640487+00:00' AIRFLOW_CTX_TRY_NUMBER='1' AIRFLOW_CTX_DAG_RUN_ID='manual__2025-02-17T16:26:08.640487+00:00'
[2025-02-17T16:26:11.605+0000] {taskinstance.py:732} INFO - ::endgroup::
[2025-02-17T16:26:11.639+0000] {base.py:84} INFO - Retrieving connection 'postgres_***'
[2025-02-17T16:26:11.650+0000] {logging_mixin.py:190} WARNING - /home/***/.local/lib/python3.9/site-packages/pandas/io/sql.py:761 UserWarning: pandas only support SQLAlchemy connectable(engine/connection) ordatabase string URI or sqlite3 DBAPI2 connectionother DBAPI2 objects are not tested, please consider using SQLAlchemy
[2025-02-17T16:26:12.073+0000] {DAG-fraud.py:42} INFO - Data extraction successful.
[2025-02-17T16:26:12.077+0000] {python.py:240} INFO - Done. Returned value was: None
[2025-02-17T16:26:12.091+0000] {taskinstance.py:341} INFO - ::group::Post task execution logs
[2025-02-17T16:26:12.093+0000] {taskinstance.py:353} INFO - Marking task as SUCCESS. dag_id=ml_pipeline, task_id=extract, run_id=manual__2025-02-17T16:26:08.640487+00:00, execution_date=20250217T162608, start_date=20250217T162611, end_date=20250217T162612
[2025-02-17T16:26:12.173+0000] {local_task_job_runner.py:266} INFO - Task exited with return code 0
[2025-02-17T16:26:12.224+0000] {taskinstance.py:3901} INFO - 1 downstream tasks scheduled from follow-on schedule check
[2025-02-17T16:26:12.227+0000] {local_task_job_runner.py:245} INFO - ::endgroup::
