[2025-02-18T04:56:23.113+0000] {local_task_job_runner.py:123} INFO - ::group::Pre task execution logs
[2025-02-18T04:56:23.148+0000] {taskinstance.py:2614} INFO - Dependencies all met for dep_context=non-requeueable deps ti=<TaskInstance: ml_pipeline.send_email_notification manual__2025-02-18T04:55:56.444408+00:00 [queued]>
[2025-02-18T04:56:23.170+0000] {taskinstance.py:2614} INFO - Dependencies all met for dep_context=requeueable deps ti=<TaskInstance: ml_pipeline.send_email_notification manual__2025-02-18T04:55:56.444408+00:00 [queued]>
[2025-02-18T04:56:23.172+0000] {taskinstance.py:2867} INFO - Starting attempt 1 of 1
[2025-02-18T04:56:23.199+0000] {taskinstance.py:2890} INFO - Executing <Task(PythonOperator): send_email_notification> on 2025-02-18 04:55:56.444408+00:00
[2025-02-18T04:56:23.215+0000] {standard_task_runner.py:72} INFO - Started process 919 to run task
[2025-02-18T04:56:23.218+0000] {standard_task_runner.py:104} INFO - Running: ['***', 'tasks', 'run', 'ml_pipeline', 'send_email_notification', 'manual__2025-02-18T04:55:56.444408+00:00', '--job-id', '100', '--raw', '--subdir', 'DAGS_FOLDER/DAG-fraud.py', '--cfg-path', '/tmp/tmpflpvnaet']
[2025-02-18T04:56:23.222+0000] {standard_task_runner.py:105} INFO - Job 100: Subtask send_email_notification
[2025-02-18T04:56:23.299+0000] {task_command.py:467} INFO - Running <TaskInstance: ml_pipeline.send_email_notification manual__2025-02-18T04:55:56.444408+00:00 [running]> on host 8538735272b1
[2025-02-18T04:56:23.435+0000] {taskinstance.py:3134} INFO - Exporting env vars: AIRFLOW_CTX_DAG_OWNER='group1' AIRFLOW_CTX_DAG_ID='ml_pipeline' AIRFLOW_CTX_TASK_ID='send_email_notification' AIRFLOW_CTX_EXECUTION_DATE='2025-02-18T04:55:56.444408+00:00' AIRFLOW_CTX_TRY_NUMBER='1' AIRFLOW_CTX_DAG_RUN_ID='manual__2025-02-18T04:55:56.444408+00:00'
[2025-02-18T04:56:23.438+0000] {taskinstance.py:732} INFO - ::endgroup::
[2025-02-18T04:56:26.708+0000] {baseoperator.py:423} WARNING - EmailOperator.execute cannot be called outside TaskInstance!
[2025-02-18T04:56:26.841+0000] {base.py:84} INFO - Retrieving connection 'smtp_default'
[2025-02-18T04:56:26.846+0000] {email.py:272} INFO - Email alerting: attempt 1
[2025-02-18T04:56:28.274+0000] {email.py:283} INFO - Sent an alert email to ['liakurniawati507@gmail.com', 'realjokiin@gmail.com']
[2025-02-18T04:56:46.916+0000] {python.py:240} INFO - Done. Returned value was: None
[2025-02-18T04:56:46.945+0000] {taskinstance.py:341} INFO - ::group::Post task execution logs
[2025-02-18T04:56:46.947+0000] {taskinstance.py:353} INFO - Marking task as SUCCESS. dag_id=ml_pipeline, task_id=send_email_notification, run_id=manual__2025-02-18T04:55:56.444408+00:00, execution_date=20250218T045556, start_date=20250218T045623, end_date=20250218T045646
[2025-02-18T04:56:47.050+0000] {local_task_job_runner.py:266} INFO - Task exited with return code 0
[2025-02-18T04:56:47.093+0000] {taskinstance.py:3901} INFO - 0 downstream tasks scheduled from follow-on schedule check
[2025-02-18T04:56:47.097+0000] {local_task_job_runner.py:245} INFO - ::endgroup::
